{"/home/oleksandr/Desktop/Education/finora/src/data/transactionDao.js": {"path":"/home/oleksandr/Desktop/Education/finora/src/data/transactionDao.js","statementMap":{"0":{"start":{"line":4,"column":18},"end":{"line":4,"column":37}},"1":{"start":{"line":8,"column":4},"end":{"line":8,"column":45}},"2":{"start":{"line":8,"column":35},"end":{"line":8,"column":45}},"3":{"start":{"line":9,"column":16},"end":{"line":9,"column":50}},"4":{"start":{"line":10,"column":4},"end":{"line":10,"column":27}},"5":{"start":{"line":14,"column":4},"end":{"line":14,"column":71}},"6":{"start":{"line":18,"column":16},"end":{"line":18,"column":29}},"7":{"start":{"line":19,"column":4},"end":{"line":19,"column":26}},"8":{"start":{"line":20,"column":4},"end":{"line":20,"column":19}},"9":{"start":{"line":24,"column":16},"end":{"line":24,"column":56}},"10":{"start":{"line":24,"column":44},"end":{"line":24,"column":55}},"11":{"start":{"line":25,"column":4},"end":{"line":25,"column":19}}},"fnMap":{"0":{"name":"(anonymous_0)","decl":{"start":{"line":7,"column":2},"end":{"line":7,"column":3}},"loc":{"start":{"line":7,"column":18},"end":{"line":11,"column":3}},"line":7},"1":{"name":"(anonymous_1)","decl":{"start":{"line":13,"column":2},"end":{"line":13,"column":3}},"loc":{"start":{"line":13,"column":28},"end":{"line":15,"column":3}},"line":13},"2":{"name":"(anonymous_2)","decl":{"start":{"line":17,"column":2},"end":{"line":17,"column":3}},"loc":{"start":{"line":17,"column":26},"end":{"line":21,"column":3}},"line":17},"3":{"name":"(anonymous_3)","decl":{"start":{"line":23,"column":2},"end":{"line":23,"column":3}},"loc":{"start":{"line":23,"column":20},"end":{"line":26,"column":3}},"line":23},"4":{"name":"(anonymous_4)","decl":{"start":{"line":24,"column":37},"end":{"line":24,"column":38}},"loc":{"start":{"line":24,"column":44},"end":{"line":24,"column":55}},"line":24}},"branchMap":{"0":{"loc":{"start":{"line":8,"column":4},"end":{"line":8,"column":45}},"type":"if","locations":[{"start":{"line":8,"column":4},"end":{"line":8,"column":45}},{"start":{},"end":{}}],"line":8}},"s":{"0":2,"1":11,"2":5,"3":6,"4":6,"5":7,"6":6,"7":6,"8":6,"9":1,"10":1,"11":1},"f":{"0":11,"1":7,"2":6,"3":1,"4":1},"b":{"0":[5,6]},"_coverageSchema":"1a1c01bbd47fc00a2c39e90264f33305004495a9","hash":"4a3cfe3a669a89cf742956768c92c0f3e3807f43"}
,"/home/oleksandr/Desktop/Education/finora/src/models/transaction.js": {"path":"/home/oleksandr/Desktop/Education/finora/src/models/transaction.js","statementMap":{"0":{"start":{"line":3,"column":4},"end":{"line":3,"column":17}},"1":{"start":{"line":4,"column":4},"end":{"line":4,"column":21}},"2":{"start":{"line":5,"column":4},"end":{"line":5,"column":25}},"3":{"start":{"line":6,"column":4},"end":{"line":6,"column":29}},"4":{"start":{"line":7,"column":4},"end":{"line":7,"column":21}}},"fnMap":{"0":{"name":"(anonymous_0)","decl":{"start":{"line":2,"column":2},"end":{"line":2,"column":3}},"loc":{"start":{"line":2,"column":48},"end":{"line":8,"column":3}},"line":2}},"branchMap":{},"s":{"0":6,"1":6,"2":6,"3":6,"4":6},"f":{"0":6},"b":{},"_coverageSchema":"1a1c01bbd47fc00a2c39e90264f33305004495a9","hash":"0e1820577d9121b446620b35282747efe4b950d7"}
,"/home/oleksandr/Desktop/Education/finora/src/services/transactionService.js": {"path":"/home/oleksandr/Desktop/Education/finora/src/services/transactionService.js","statementMap":{"0":{"start":{"line":7,"column":4},"end":{"line":7,"column":64}},"1":{"start":{"line":7,"column":21},"end":{"line":7,"column":64}},"2":{"start":{"line":8,"column":24},"end":{"line":8,"column":99}},"3":{"start":{"line":9,"column":4},"end":{"line":9,"column":36}},"4":{"start":{"line":10,"column":4},"end":{"line":10,"column":23}},"5":{"start":{"line":14,"column":16},"end":{"line":14,"column":39}},"6":{"start":{"line":15,"column":4},"end":{"line":15,"column":94}},"7":{"start":{"line":15,"column":35},"end":{"line":15,"column":88}},"8":{"start":{"line":19,"column":4},"end":{"line":19,"column":35}}},"fnMap":{"0":{"name":"(anonymous_0)","decl":{"start":{"line":6,"column":2},"end":{"line":6,"column":3}},"loc":{"start":{"line":6,"column":48},"end":{"line":11,"column":3}},"line":6},"1":{"name":"(anonymous_1)","decl":{"start":{"line":13,"column":2},"end":{"line":13,"column":3}},"loc":{"start":{"line":13,"column":22},"end":{"line":16,"column":3}},"line":13},"2":{"name":"(anonymous_2)","decl":{"start":{"line":15,"column":22},"end":{"line":15,"column":23}},"loc":{"start":{"line":15,"column":35},"end":{"line":15,"column":88}},"line":15},"3":{"name":"(anonymous_3)","decl":{"start":{"line":18,"column":2},"end":{"line":18,"column":3}},"loc":{"start":{"line":18,"column":27},"end":{"line":20,"column":3}},"line":18}},"branchMap":{"0":{"loc":{"start":{"line":7,"column":4},"end":{"line":7,"column":64}},"type":"if","locations":[{"start":{"line":7,"column":4},"end":{"line":7,"column":64}},{"start":{},"end":{}}],"line":7},"1":{"loc":{"start":{"line":15,"column":35},"end":{"line":15,"column":88}},"type":"cond-expr","locations":[{"start":{"line":15,"column":57},"end":{"line":15,"column":71}},{"start":{"line":15,"column":74},"end":{"line":15,"column":88}}],"line":15}},"s":{"0":5,"1":1,"2":4,"3":4,"4":4,"5":1,"6":1,"7":2,"8":1},"f":{"0":5,"1":1,"2":2,"3":1},"b":{"0":[1,4],"1":[1,1]},"_coverageSchema":"1a1c01bbd47fc00a2c39e90264f33305004495a9","hash":"9c722b99906402f1aba7977a6831026e57353199"}
}
