TN:
SF:src/data/transactionDao.js
FN:7,(anonymous_0)
FN:13,(anonymous_1)
FN:17,(anonymous_2)
FN:23,(anonymous_3)
FN:24,(anonymous_4)
FNF:5
FNH:5
FNDA:11,(anonymous_0)
FNDA:7,(anonymous_1)
FNDA:6,(anonymous_2)
FNDA:1,(anonymous_3)
FNDA:1,(anonymous_4)
DA:4,2
DA:8,11
DA:9,6
DA:10,6
DA:14,7
DA:18,6
DA:19,6
DA:20,6
DA:24,1
DA:25,1
LF:10
LH:10
BRDA:8,0,0,5
BRDA:8,0,1,6
BRF:2
BRH:2
end_of_record
TN:
SF:src/models/transaction.js
FN:2,(anonymous_0)
FNF:1
FNH:1
FNDA:6,(anonymous_0)
DA:3,6
DA:4,6
DA:5,6
DA:6,6
DA:7,6
LF:5
LH:5
BRF:0
BRH:0
end_of_record
TN:
SF:src/services/transactionService.js
FN:6,(anonymous_0)
FN:13,(anonymous_1)
FN:15,(anonymous_2)
FN:18,(anonymous_3)
FNF:4
FNH:4
FNDA:5,(anonymous_0)
FNDA:1,(anonymous_1)
FNDA:2,(anonymous_2)
FNDA:1,(anonymous_3)
DA:7,5
DA:8,4
DA:9,4
DA:10,4
DA:14,1
DA:15,2
DA:19,1
LF:7
LH:7
BRDA:7,0,0,1
BRDA:7,0,1,4
BRDA:15,1,0,1
BRDA:15,1,1,1
BRF:4
BRH:4
end_of_record
